Change Physical Footprint: Designator=C1 Old Footprint=CAP0805 New Footprint=CAP0805
Change Physical Footprint: Designator=C2 Old Footprint=CAP0805 New Footprint=CAP0805
Change Physical Footprint: Designator=C3 Old Footprint=CAP0805 New Footprint=CAP0805
Change Physical Footprint: Designator=C4 Old Footprint=CAP0805 New Footprint=CAP0805
Change Physical Footprint: Designator=C5 Old Footprint=CAP0805 New Footprint=CAP0805
Change Physical Footprint: Designator=C6 Old Footprint=CAP0603 New Footprint=CAP0603
Change Physical Footprint: Designator=C7 Old Footprint=CAP0603 New Footprint=CAP0603
Change Physical Footprint: Designator=C8 Old Footprint=CAP0603 New Footprint=CAP0603
Change Physical Footprint: Designator=C9 Old Footprint=CAP0603 New Footprint=CAP0603
Change Physical Footprint: Designator=C10 Old Footprint=CAP0603 New Footprint=CAP0603
Change Physical Footprint: Designator=C11 Old Footprint=CAP0603 New Footprint=CAP0603
Change Physical Footprint: Designator=C12 Old Footprint=CAP0603 New Footprint=CAP0603
Change Physical Footprint: Designator=CON1 Old Footprint=HDR2X20 New Footprint=HDR2X20
Change Physical Footprint: Designator=CON2 Old Footprint=JST-xH New Footprint=JST-xH
Change Physical Footprint: Designator=D1 Old Footprint=SOT23-3AL New Footprint=SOT23-3AL
Change Physical Footprint: Designator=FM1 Old Footprint=FIDUCAL New Footprint=FIDUCAL
Change Physical Footprint: Designator=FM2 Old Footprint=FIDUCAL New Footprint=FIDUCAL
Change Physical Footprint: Designator=L1 Old Footprint=FDSD0402 New Footprint=FDSD0402
Change Physical Footprint: Designator=P1 Old Footprint=691305140004 New Footprint=691305140004
Change Physical Footprint: Designator=P2 Old Footprint=691305140004 New Footprint=691305140004
Change Physical Footprint: Designator=R1 Old Footprint=RES0603 New Footprint=RES0603
Change Physical Footprint: Designator=R2 Old Footprint=RES0603 New Footprint=RES0603
Change Physical Footprint: Designator=R3 Old Footprint=RES0603 New Footprint=RES0603
Change Physical Footprint: Designator=R4 Old Footprint=RES0603 New Footprint=RES0603
Change Physical Footprint: Designator=R5 Old Footprint=RES0603 New Footprint=RES0603
Change Physical Footprint: Designator=R6 Old Footprint=RES0603 New Footprint=RES0603
Change Physical Footprint: Designator=R7 Old Footprint=RES0603 New Footprint=RES0603
Change Physical Footprint: Designator=R8 Old Footprint=RES0603 New Footprint=RES0603
Change Physical Footprint: Designator=R9 Old Footprint=RES0603 New Footprint=RES0603
Change Physical Footprint: Designator=R10 Old Footprint=RES0603 New Footprint=RES0603
Change Physical Footprint: Designator=R11 Old Footprint=RES0603 New Footprint=RES0603
Change Physical Footprint: Designator=R12 Old Footprint=RES0603 New Footprint=RES0603
Change Physical Footprint: Designator=R13 Old Footprint=RES0603 New Footprint=RES0603
Change Physical Footprint: Designator=R14 Old Footprint=RES0603 New Footprint=RES0603
Change Physical Footprint: Designator=R15 Old Footprint=RES0603 New Footprint=RES0603
Change Physical Footprint: Designator=R16 Old Footprint=RES0603 New Footprint=RES0603
Change Physical Footprint: Designator=R17 Old Footprint=RES0603 New Footprint=RES0603
Change Physical Footprint: Designator=R18 Old Footprint=RES0603 New Footprint=RES0603
Change Physical Footprint: Designator=R19 Old Footprint=RES0603 New Footprint=RES0603
Change Physical Footprint: Designator=R20 Old Footprint=RES0603 New Footprint=RES0603
Change Physical Footprint: Designator=R21 Old Footprint=RES0603 New Footprint=RES0603
Change Physical Footprint: Designator=R22 Old Footprint=RES0603 New Footprint=RES0603
Change Physical Footprint: Designator=R23 Old Footprint=RES0603 New Footprint=RES0603
Change Physical Footprint: Designator=R24 Old Footprint=RES0603 New Footprint=RES0603
Change Physical Footprint: Designator=T1 Old Footprint=SOT23-3AL New Footprint=SOT23-3AL
Change Physical Footprint: Designator=T2 Old Footprint=SOT23-3AL New Footprint=SOT23-3AL
Change Physical Footprint: Designator=T3 Old Footprint=SOT23-3AL New Footprint=SOT23-3AL
Change Physical Footprint: Designator=T4 Old Footprint=SOT23-3AL New Footprint=SOT23-3AL
Change Physical Footprint: Designator=T5 Old Footprint=SOT23-3AL New Footprint=SOT23-3AL
Change Physical Footprint: Designator=U1 Old Footprint=VQFN TPS New Footprint=VQFN TPS
Change Physical Footprint: Designator=U2 Old Footprint=SOIC-8 REFLOW New Footprint=SOIC-8 REFLOW
Change Physical Footprint: Designator=U3 Old Footprint=QFN40P300X300X105_HS-25N New Footprint=QFN40P300X300X105_HS-25N
Change Physical Footprint: Designator=U4 Old Footprint=SOIC-16 New Footprint=SOIC-16
