Change component parameters: Designator = "U3"; Footprint = "QFN40P300X300X105_HS-25N"; UniqueID = "\WTGNPPRA\RXXQBKAJ"
Change component parameters. Clean all parameters for all variants
Change component parameters (AddParameter): Name = "Case/Package"; Value = "QFN"; VariantName = "[No Variations]"
Change component parameters (AddParameter): Name = "ComponentLink1Description"; Value = "https://datasheet.ciiva.com/29175/mpu-9250-29175105.pdf?src-supplier=Digi-Key"; VariantName = "[No Variations]"
Change component parameters (AddParameter): Name = "ComponentLink1URL"; Value = "https://datasheet.ciiva.com/29175/mpu-9250-29175105.pdf?src-supplier=Digi-Key"; VariantName = "[No Variations]"
Change component parameters (AddParameter): Name = "Height"; Value = "1mm"; VariantName = "[No Variations]"
Change component parameters (AddParameter): Name = "Interface"; Value = "I2C"; VariantName = "[No Variations]"
Change component parameters (AddParameter): Name = "Length"; Value = "3.1mm"; VariantName = "[No Variations]"
Change component parameters (AddParameter): Name = "Manufacturer"; Value = "TDK InvenSense"; VariantName = "[No Variations]"
Change component parameters (AddParameter): Name = "Manufacturer Part Number"; Value = "MPU-9250"; VariantName = "[No Variations]"
Change component parameters (AddParameter): Name = "Max Operating Temperature"; Value = "85°C"; VariantName = "[No Variations]"
Change component parameters (AddParameter): Name = "Max Supply Voltage"; Value = "3.6V"; VariantName = "[No Variations]"
Change component parameters (AddParameter): Name = "Min Operating Temperature"; Value = "-40°C"; VariantName = "[No Variations]"
Change component parameters (AddParameter): Name = "Min Supply Voltage"; Value = "2.4V"; VariantName = "[No Variations]"
Change component parameters (AddParameter): Name = "Mount"; Value = "Surface Mount"; VariantName = "[No Variations]"
Change component parameters (AddParameter): Name = "Number of Pins"; Value = "24"; VariantName = "[No Variations]"
Change component parameters (AddParameter): Name = "Output Type"; Value = "SPI"; VariantName = "[No Variations]"
Change component parameters (AddParameter): Name = "Package Quantity"; Value = "1"; VariantName = "[No Variations]"
Change component parameters (AddParameter): Name = "RoHS"; Value = "Yes"; VariantName = "[No Variations]"
Change component parameters (AddParameter): Name = "Sensor Type"; Value = "Accelerometer"; VariantName = "[No Variations]"
Change component parameters (AddParameter): Name = "Stock 1"; Value = "0"; VariantName = "[No Variations]"
Change component parameters (AddParameter): Name = "Supplier 1"; Value = "RSComponents"; VariantName = "[No Variations]"
Change component parameters (AddParameter): Name = "Supplier 2"; Value = "Mouser"; VariantName = "[No Variations]"
Change component parameters (AddParameter): Name = "Supplier Part Number 1"; Value = "883-7942P"; VariantName = "[No Variations]"
Change component parameters (AddParameter): Name = "Supplier Part Number 2"; Value = "410-MPU-9250"; VariantName = "[No Variations]"
Change component parameters (AddParameter): Name = "Width"; Value = "3.1mm"; VariantName = "[No Variations]"
Added Component: Designator=FM1(FIDUCAL)
Add component. Clean all parameters for all variants
Add component (AddParameter): Name = "Author"; Value = ""; VariantName = "[No Variations]"
Add component (AddParameter): Name = "ComponentLink1Description"; Value = "Datasheet"; VariantName = "[No Variations]"
Add component (AddParameter): Name = "ComponentLink1URL"; Value = ""; VariantName = "[No Variations]"
Add component (AddParameter): Name = "Date"; Value = ""; VariantName = "[No Variations]"
Add component (AddParameter): Name = "ELRAD Id sifra / ELRAD Id No"; Value = ""; VariantName = "[No Variations]"
Add component (AddParameter): Name = "FIT"; Value = "0.94"; VariantName = "[No Variations]"
Add component (AddParameter): Name = "Komp / Device"; Value = "SMD"; VariantName = "[No Variations]"
Add component (AddParameter): Name = "Manufacturer No"; Value = ""; VariantName = "[No Variations]"
Add component (AddParameter): Name = "Opis / Description"; Value = ""; VariantName = "[No Variations]"
Add component (AddParameter): Name = "Opomba / Remark"; Value = ""; VariantName = "[No Variations]"
Add component (AddParameter): Name = "Toleranca / Tolerance"; Value = ""; VariantName = "[No Variations]"
Add component (AddParameter): Name = "Value"; Value = ""; VariantName = "[No Variations]"
Add component (AddParameter): Name = "Velikost / Size"; Value = ""; VariantName = "[No Variations]"
Added Component: Designator=FM2(FIDUCAL)
Add component. Clean all parameters for all variants
Add component (AddParameter): Name = "Author"; Value = ""; VariantName = "[No Variations]"
Add component (AddParameter): Name = "ComponentLink1Description"; Value = "Datasheet"; VariantName = "[No Variations]"
Add component (AddParameter): Name = "ComponentLink1URL"; Value = ""; VariantName = "[No Variations]"
Add component (AddParameter): Name = "Date"; Value = ""; VariantName = "[No Variations]"
Add component (AddParameter): Name = "ELRAD Id sifra / ELRAD Id No"; Value = ""; VariantName = "[No Variations]"
Add component (AddParameter): Name = "FIT"; Value = "0.94"; VariantName = "[No Variations]"
Add component (AddParameter): Name = "Komp / Device"; Value = "SMD"; VariantName = "[No Variations]"
Add component (AddParameter): Name = "Manufacturer No"; Value = ""; VariantName = "[No Variations]"
Add component (AddParameter): Name = "Opis / Description"; Value = ""; VariantName = "[No Variations]"
Add component (AddParameter): Name = "Opomba / Remark"; Value = ""; VariantName = "[No Variations]"
Add component (AddParameter): Name = "Toleranca / Tolerance"; Value = ""; VariantName = "[No Variations]"
Add component (AddParameter): Name = "Value"; Value = ""; VariantName = "[No Variations]"
Add component (AddParameter): Name = "Velikost / Size"; Value = ""; VariantName = "[No Variations]"
Added Member To Class: ClassName=MAIN Member=Component FM1 FIDUCAL MARKER
Added Member To Class: ClassName=MAIN Member=Component FM2 FIDUCAL MARKER
